{
  "uid" : "c5362c483051f6b0",
  "name" : "test_failure",
  "fullName" : "test_alluredemo1#test_failure",
  "historyId" : "9e8d23832460ad3c87806390b91ae72c",
  "time" : {
    "start" : 1657706278736,
    "stop" : 1657706278736,
    "duration" : 0
  },
  "description" : "this test fails",
  "descriptionHtml" : "<p>this test fails</p>\n",
  "status" : "failed",
  "statusMessage" : "AssertionError: assert False",
  "statusTrace" : "def test_failure():\n        \"\"\"this test fails\"\"\"\n>       assert False\nE       assert False\n\ntest_alluredemo1.py:11: AssertionError",
  "flaky" : false,
  "beforeStages" : [ ],
  "afterStages" : [ ],
  "labels" : [ {
    "name" : "suite",
    "value" : "test_alluredemo1"
  }, {
    "name" : "host",
    "value" : "tonghuan"
  }, {
    "name" : "thread",
    "value" : "17720-MainThread"
  }, {
    "name" : "framework",
    "value" : "pytest"
  }, {
    "name" : "language",
    "value" : "cpython3"
  }, {
    "name" : "package",
    "value" : "test_alluredemo1"
  }, {
    "name" : "resultFormat",
    "value" : "allure2"
  } ],
  "parameters" : [ ],
  "links" : [ ],
  "hidden" : false,
  "retry" : false,
  "extra" : {
    "severity" : "normal",
    "retries" : [ ],
    "categories" : [ {
      "name" : "Product defects",
      "matchedStatuses" : [ ],
      "flaky" : false
    } ],
    "tags" : [ ]
  },
  "source" : "c5362c483051f6b0.json",
  "parameterValues" : [ ]
}